INFO [2025-11-14 16:21:30] $x
INFO [2025-11-14 16:21:30] bin_list
INFO [2025-11-14 16:21:30] 
INFO [2025-11-14 16:21:30] $filename
INFO [2025-11-14 16:21:30] NULL
INFO [2025-11-14 16:21:30] 
INFO [2025-11-14 16:21:30] $fill
INFO [2025-11-14 16:21:30] viridis::viridis(length(bin_list))
INFO [2025-11-14 16:21:30] 
INFO [2025-11-14 16:21:30] $alpha
INFO [2025-11-14 16:21:30] [1] 0.5
INFO [2025-11-14 16:21:30] 
INFO [2025-11-14 16:21:30] $cex
INFO [2025-11-14 16:21:30] [1] 1.2
INFO [2025-11-14 16:21:30] 
INFO [2025-11-14 16:21:30] $cat.cex
INFO [2025-11-14 16:21:30] [1] 1.2
INFO [2025-11-14 16:21:30] 
INFO [2025-11-14 16:21:30] $main
INFO [2025-11-14 16:21:30] [1] "Overlap of BINs (Top 5 Countries)"
INFO [2025-11-14 16:21:30] 
